# JRE version: OpenJDK Runtime Environment Temurin-21.0.7+6 (21.0.7+6) (build 21.0.7+6-LTS)
# Java VM: OpenJDK 64-Bit Server VM Temurin-21.0.7+6 (21.0.7+6-LTS, mixed mode, sharing, tiered, compressed oops, compressed class ptrs, g1 gc, windows-amd64)
GC Precious Log:
 CardTable entry size: 512
 Card Set container configuration: InlinePtr #cards 4 size 8 Array Of Cards #cards 16 size 48 Howl #buckets 8 coarsen threshold 3686 Howl Bitmap #cards 512 size 80 coarsen threshold 460 Card regions per heap region 1 cards per card region 4096
 CPUs: 24 total, 24 available
 Memory: 16103M
 Large Page Support: Disabled
 NUMA Support: Disabled
 Compressed Oops: Enabled (Zero based)
 Heap Region Size: 2M
 Heap Min Capacity: 8M
 Heap Initial Capacity: 252M
 Heap Max Capacity: 4026M
 Pre-touch: Disabled
 Parallel Workers: 18
 Concurrent Workers: 5
 Concurrent Refinement Workers: 18
 Periodic GC: Disabled
Heap:
 garbage-first heap   total 157696K, used 89186K [0x0000000704600000, 0x0000000800000000)
  region size 2048K, 14 young (28672K), 2 survivors (4096K)
 Metaspace       used 105298K, committed 106112K, reserved 1179648K
  class space    used 13736K, committed 14080K, reserved 1048576K
GC Heap History (20 events):
Event: 7.800 GC heap before
{Heap before GC invocations=13 (full 0):
 garbage-first heap   total 71680K, used 59623K [0x0000000704600000, 0x0000000800000000)
  region size 2048K, 17 young (34816K), 2 survivors (4096K)
 Metaspace       used 65743K, committed 66368K, reserved 1114112K
  class space    used 8593K, committed 8896K, reserved 1048576K
}
Event: 7.806 GC heap after
{Heap after GC invocations=14 (full 0):
 garbage-first heap   total 86016K, used 30327K [0x0000000704600000, 0x0000000800000000)
  region size 2048K, 3 young (6144K), 3 survivors (6144K)
 Metaspace       used 65743K, committed 66368K, reserved 1114112K
  class space    used 8593K, committed 8896K, reserved 1048576K
}
Event: 8.626 GC heap before
{Heap before GC invocations=14 (full 0):
 garbage-first heap   total 86016K, used 71287K [0x0000000704600000, 0x0000000800000000)
  region size 2048K, 23 young (47104K), 3 survivors (6144K)
 Metaspace       used 72598K, committed 73280K, reserved 1114112K
  class space    used 9839K, committed 10176K, reserved 1048576K
}
Event: 8.632 GC heap after
{Heap after GC invocations=15 (full 0):
 garbage-first heap   total 86016K, used 33685K [0x0000000704600000, 0x0000000800000000)
  region size 2048K, 3 young (6144K), 3 survivors (6144K)
 Metaspace       used 72598K, committed 73280K, reserved 1114112K
  class space    used 9839K, committed 10176K, reserved 1048576K
}
Event: 8.822 GC heap before
{Heap before GC invocations=15 (full 0):
 garbage-first heap   total 86016K, used 70549K [0x0000000704600000, 0x0000000800000000)
  region size 2048K, 22 young (45056K), 3 survivors (6144K)
 Metaspace       used 73917K, committed 74624K, reserved 1114112K
  class space    used 10005K, committed 10368K, reserved 1048576K
}
Event: 8.829 GC heap after
{Heap after GC invocations=16 (full 0):
 garbage-first heap   total 86016K, used 40935K [0x0000000704600000, 0x0000000800000000)
  region size 2048K, 3 young (6144K), 3 survivors (6144K)
 Metaspace       used 73917K, committed 74624K, reserved 1114112K
  class space    used 10005K, committed 10368K, reserved 1048576K
}
Event: 8.887 GC heap before
{Heap before GC invocations=16 (full 0):
 garbage-first heap   total 86016K, used 71655K [0x0000000704600000, 0x0000000800000000)
  region size 2048K, 18 young (36864K), 3 survivors (6144K)
 Metaspace       used 74009K, committed 74688K, reserved 1114112K
  class space    used 10018K, committed 10368K, reserved 1048576K
}
Event: 8.890 GC heap after
{Heap after GC invocations=17 (full 0):
 garbage-first heap   total 86016K, used 42699K [0x0000000704600000, 0x0000000800000000)
  region size 2048K, 1 young (2048K), 1 survivors (2048K)
 Metaspace       used 74009K, committed 74688K, reserved 1114112K
  class space    used 10018K, committed 10368K, reserved 1048576K
}
Event: 8.946 GC heap before
{Heap before GC invocations=18 (full 0):
 garbage-first heap   total 86016K, used 73419K [0x0000000704600000, 0x0000000800000000)
  region size 2048K, 16 young (32768K), 1 survivors (2048K)
 Metaspace       used 74012K, committed 74688K, reserved 1114112K
  class space    used 10018K, committed 10368K, reserved 1048576K
}
Event: 8.951 GC heap after
{Heap after GC invocations=19 (full 0):
 garbage-first heap   total 88064K, used 53687K [0x0000000704600000, 0x0000000800000000)
  region size 2048K, 2 young (4096K), 2 survivors (4096K)
 Metaspace       used 74012K, committed 74688K, reserved 1114112K
  class space    used 10018K, committed 10368K, reserved 1048576K
}
Event: 9.041 GC heap before
{Heap before GC invocations=19 (full 0):
 garbage-first heap   total 88064K, used 72119K [0x0000000704600000, 0x0000000800000000)
  region size 2048K, 11 young (22528K), 2 survivors (4096K)
 Metaspace       used 74126K, committed 74816K, reserved 1114112K
  class space    used 10051K, committed 10368K, reserved 1048576K
}
Event: 9.047 GC heap after
{Heap after GC invocations=20 (full 0):
 garbage-first heap   total 88064K, used 57344K [0x0000000704600000, 0x0000000800000000)
  region size 2048K, 2 young (4096K), 2 survivors (4096K)
 Metaspace       used 74126K, committed 74816K, reserved 1114112K
  class space    used 10051K, committed 10368K, reserved 1048576K
}
Event: 9.076 GC heap before
{Heap before GC invocations=20 (full 0):
 garbage-first heap   total 88064K, used 73728K [0x0000000704600000, 0x0000000800000000)
  region size 2048K, 10 young (20480K), 2 survivors (4096K)
 Metaspace       used 74132K, committed 74816K, reserved 1114112K
  class space    used 10052K, committed 10368K, reserved 1048576K
}
Event: 9.079 GC heap after
{Heap after GC invocations=21 (full 0):
 garbage-first heap   total 157696K, used 58685K [0x0000000704600000, 0x0000000800000000)
  region size 2048K, 1 young (2048K), 1 survivors (2048K)
 Metaspace       used 74132K, committed 74816K, reserved 1114112K
  class space    used 10052K, committed 10368K, reserved 1048576K
}
Event: 12.470 GC heap before
{Heap before GC invocations=22 (full 0):
 garbage-first heap   total 157696K, used 132413K [0x0000000704600000, 0x0000000800000000)
  region size 2048K, 38 young (77824K), 1 survivors (2048K)
 Metaspace       used 87170K, committed 87872K, reserved 1179648K
  class space    used 11743K, committed 12096K, reserved 1048576K
}
Event: 12.475 GC heap after
{Heap after GC invocations=23 (full 0):
 garbage-first heap   total 157696K, used 65454K [0x0000000704600000, 0x0000000800000000)
  region size 2048K, 4 young (8192K), 4 survivors (8192K)
 Metaspace       used 87170K, committed 87872K, reserved 1179648K
  class space    used 11743K, committed 12096K, reserved 1048576K
}
Event: 13.854 GC heap before
{Heap before GC invocations=23 (full 0):
 garbage-first heap   total 157696K, used 133038K [0x0000000704600000, 0x0000000800000000)
  region size 2048K, 38 young (77824K), 4 survivors (8192K)
 Metaspace       used 96799K, committed 97664K, reserved 1179648K
  class space    used 12879K, committed 13248K, reserved 1048576K
}
Event: 13.859 GC heap after
{Heap after GC invocations=24 (full 0):
 garbage-first heap   total 157696K, used 69948K [0x0000000704600000, 0x0000000800000000)
  region size 2048K, 4 young (8192K), 4 survivors (8192K)
 Metaspace       used 96799K, committed 97664K, reserved 1179648K
  class space    used 12879K, committed 13248K, reserved 1048576K
}
Event: 192.893 GC heap before
{Heap before GC invocations=24 (full 0):
 garbage-first heap   total 157696K, used 133436K [0x0000000704600000, 0x0000000800000000)
  region size 2048K, 36 young (73728K), 4 survivors (8192K)
 Metaspace       used 104921K, committed 105728K, reserved 1179648K
  class space    used 13702K, committed 14080K, reserved 1048576K
}
Event: 192.898 GC heap after
{Heap after GC invocations=25 (full 0):
 garbage-first heap   total 157696K, used 72802K [0x0000000704600000, 0x0000000800000000)
  region size 2048K, 2 young (4096K), 2 survivors (4096K)
 Metaspace       used 104921K, committed 105728K, reserved 1179648K
  class space    used 13702K, committed 14080K, reserved 1048576K
}

